<?xml version="1.0" encoding="UTF-8" ?>
<testsuite tests="14" failures="0" name="hu.uni.miskolc.teszteles2021.AutoTest" time="0.062" errors="0" skipped="0">
  <properties>
[...]
</properties>
  <testcase classname="hu.uni.miskolc.teszteles2021.AutoTest" name="testQBetuvelRendszam" time="0.007"/>
  <testcase classname="hu.uni.miskolc.teszteles2021.AutoTest" name="testAjtokSzamaTulMagas" time="0"/>
  <testcase classname="hu.uni.miskolc.teszteles2021.AutoTest" name="testCsakSzamRendszam" time="0"/>
  <testcase classname="hu.uni.miskolc.teszteles2021.AutoTest" name="testCsakBetuRendszam" time="0"/>
  <testcase classname="hu.uni.miskolc.teszteles2021.AutoTest" name="testKoraiGyartasiido" time="0.051"/>
  <testcase classname="hu.uni.miskolc.teszteles2021.AutoTest" name="testAjtokSzamaMegfelelo" time="0"/>
  <testcase classname="hu.uni.miskolc.teszteles2021.AutoTest" name="testJoRendszam" time="0"/>
  <testcase classname="hu.uni.miskolc.teszteles2021.AutoTest" name="testTulHosszuSzamuRendszam" time="0.001"/>
  <testcase classname="hu.uni.miskolc.teszteles2021.AutoTest" name="testTulHosszuBetusRendszam" time="0.001"/>
  <testcase classname="hu.uni.miskolc.teszteles2021.AutoTest" name="testAjtokSzamaTulAlacsony" time="0.001"/>
  <testcase classname="hu.uni.miskolc.teszteles2021.AutoTest" name="testKotojelNelkuliRendszam" time="0"/>
  <testcase classname="hu.uni.miskolc.teszteles2021.AutoTest" name="testKesoiGyartasiido" time="0"/>
  <testcase classname="hu.uni.miskolc.teszteles2021.AutoTest" name="testJoGyartasiido" time="0"/>
  <testcase classname="hu.uni.miskolc.teszteles2021.AutoTest" name="testKisBetuRendszam" time="0.001"/>
</testsuite>